<?xml version="1.0" encoding="UTF-8"?>
<!-- Generated by org.testng.reporters.JUnitReportReporter -->
<testsuite skipped="0" hostname="LENOVO-PC" name="maven_TestNG.maven_TestNG_Aptron.driver.Driver_class" tests="1" failures="0" timestamp="27 Jun 2018 03:52:53 GMT" time="17.081" errors="0">
  <testcase name="intialization" time="17.081" classname="maven_TestNG.maven_TestNG_Aptron.driver.Driver_class"/>
</testsuite> <!-- maven_TestNG.maven_TestNG_Aptron.driver.Driver_class -->
