<?xml version="1.0" encoding="UTF-8"?>
<!-- Generated by org.testng.reporters.JUnitReportReporter -->
<testsuite hostname="DESKTOP-NEVSH4P" failures="0" tests="1" name="maven_TestNG.maven_TestNG_Aptron.regression.login.Login" time="0.015" errors="0" timestamp="07 Jul 2018 04:51:07 GMT" skipped="0">
  <testcase classname="maven_TestNG.maven_TestNG_Aptron.regression.login.Login" name="login_test" time="0.015"/>
</testsuite> <!-- maven_TestNG.maven_TestNG_Aptron.regression.login.Login -->
